<?xml version="1.0" encoding="UTF-8"?>
<!-- Generated by org.testng.reporters.JUnitReportReporter -->
<testsuite hostname="DESKTOP-401KMEB" failures="0" tests="2" name="Test.Next" time="0.015" errors="0" timestamp="2022-05-21T16:36:37 IST" skipped="0">
  <testcase classname="Test.Next" name="Gloan" time="0.003"/>
  <system-out/>
  <testcase classname="Test.Next" name="Bug" time="0.012"/>
  <system-out/>
</testsuite> <!-- Test.Next -->
