<?xml version="1.0" encoding="UTF-8"?>
<!-- Generated by org.testng.reporters.JUnitReportReporter -->
<testsuite hostname="DESKTOP-401KMEB" failures="0" tests="3" name="Test.Intro" time="0.027" errors="0" timestamp="2022-05-21T16:36:37 IST" skipped="0">
  <testcase classname="Test.Intro" name="Demo" time="0.011"/>
  <system-out/>
  <testcase classname="Test.Intro" name="Demo" time="0.010"/>
  <system-out/>
  <testcase classname="Test.Intro" name="Demo" time="0.006"/>
  <system-out/>
</testsuite> <!-- Test.Intro -->
